<?xml version="1.0" encoding="UTF-8"?>
<testsuite name="com.sundayCinema.sundayCinema.comment.CommentControllerTest" tests="1" skipped="0" failures="0" errors="0" timestamp="2024-02-05T13:38:05" hostname="박찬우" time="0.218">
  <properties/>
  <testcase name="postCommentTest()" classname="com.sundayCinema.sundayCinema.comment.CommentControllerTest" time="0.218"/>
  <system-out><![CDATA[22:37:56.554 [Test worker] DEBUG org.springframework.test.context.BootstrapUtils - Instantiating CacheAwareContextLoaderDelegate from class [org.springframework.test.context.cache.DefaultCacheAwareContextLoaderDelegate]
22:37:56.570 [Test worker] DEBUG org.springframework.test.context.BootstrapUtils - Instantiating BootstrapContext using constructor [public org.springframework.test.context.support.DefaultBootstrapContext(java.lang.Class,org.springframework.test.context.CacheAwareContextLoaderDelegate)]
22:37:56.618 [Test worker] DEBUG org.springframework.test.context.BootstrapUtils - Instantiating TestContextBootstrapper for test class [com.sundayCinema.sundayCinema.comment.CommentControllerTest] from class [org.springframework.boot.test.context.SpringBootTestContextBootstrapper]
22:37:56.636 [Test worker] INFO org.springframework.boot.test.context.SpringBootTestContextBootstrapper - Neither @ContextConfiguration nor @ContextHierarchy found for test class [com.sundayCinema.sundayCinema.comment.CommentControllerTest], using SpringBootContextLoader
22:37:56.643 [Test worker] DEBUG org.springframework.test.context.support.AbstractContextLoader - Did not detect default resource location for test class [com.sundayCinema.sundayCinema.comment.CommentControllerTest]: class path resource [com/sundayCinema/sundayCinema/comment/CommentControllerTest-context.xml] does not exist
22:37:56.644 [Test worker] DEBUG org.springframework.test.context.support.AbstractContextLoader - Did not detect default resource location for test class [com.sundayCinema.sundayCinema.comment.CommentControllerTest]: class path resource [com/sundayCinema/sundayCinema/comment/CommentControllerTestContext.groovy] does not exist
22:37:56.644 [Test worker] INFO org.springframework.test.context.support.AbstractContextLoader - Could not detect default resource locations for test class [com.sundayCinema.sundayCinema.comment.CommentControllerTest]: no resource found for suffixes {-context.xml, Context.groovy}.
22:37:56.645 [Test worker] INFO org.springframework.test.context.support.AnnotationConfigContextLoaderUtils - Could not detect default configuration classes for test class [com.sundayCinema.sundayCinema.comment.CommentControllerTest]: CommentControllerTest does not declare any static, non-private, non-final, nested classes annotated with @Configuration.
22:37:56.731 [Test worker] DEBUG org.springframework.test.context.support.ActiveProfilesUtils - Could not find an 'annotation declaring class' for annotation type [org.springframework.test.context.ActiveProfiles] and class [com.sundayCinema.sundayCinema.comment.CommentControllerTest]
22:37:56.830 [Test worker] DEBUG org.springframework.context.annotation.ClassPathScanningCandidateComponentProvider - Identified candidate component class: file [C:\myProject\refectoring\main_project\server\sundayCinema\build\classes\java\main\com\sundayCinema\sundayCinema\SundayCinemaApplication.class]
22:37:56.831 [Test worker] INFO org.springframework.boot.test.context.SpringBootTestContextBootstrapper - Found @SpringBootConfiguration com.sundayCinema.sundayCinema.SundayCinemaApplication for test class com.sundayCinema.sundayCinema.comment.CommentControllerTest
22:37:56.936 [Test worker] DEBUG org.springframework.boot.test.context.SpringBootTestContextBootstrapper - @TestExecutionListeners is not present for class [com.sundayCinema.sundayCinema.comment.CommentControllerTest]: using defaults.
22:37:56.936 [Test worker] INFO org.springframework.boot.test.context.SpringBootTestContextBootstrapper - Loaded default TestExecutionListener class names from location [META-INF/spring.factories]: [org.springframework.security.test.context.support.WithSecurityContextTestExecutionListener, org.springframework.security.test.context.support.ReactorContextTestExecutionListener, org.springframework.boot.test.autoconfigure.restdocs.RestDocsTestExecutionListener, org.springframework.boot.test.autoconfigure.web.client.MockRestServiceServerResetTestExecutionListener, org.springframework.boot.test.autoconfigure.web.servlet.MockMvcPrintOnlyOnFailureTestExecutionListener, org.springframework.boot.test.autoconfigure.web.servlet.WebDriverTestExecutionListener, org.springframework.boot.test.autoconfigure.webservices.client.MockWebServiceServerTestExecutionListener, org.springframework.boot.test.mock.mockito.MockitoTestExecutionListener, org.springframework.boot.test.mock.mockito.ResetMocksTestExecutionListener, org.springframework.test.context.web.ServletTestExecutionListener, org.springframework.test.context.support.DirtiesContextBeforeModesTestExecutionListener, org.springframework.test.context.event.ApplicationEventsTestExecutionListener, org.springframework.test.context.support.DependencyInjectionTestExecutionListener, org.springframework.test.context.support.DirtiesContextTestExecutionListener, org.springframework.test.context.transaction.TransactionalTestExecutionListener, org.springframework.test.context.jdbc.SqlScriptsTestExecutionListener, org.springframework.test.context.event.EventPublishingTestExecutionListener]
22:37:56.957 [Test worker] INFO org.springframework.boot.test.context.SpringBootTestContextBootstrapper - Using TestExecutionListeners: [org.springframework.test.context.web.ServletTestExecutionListener@3887cf88, org.springframework.test.context.support.DirtiesContextBeforeModesTestExecutionListener@5649ec46, org.springframework.test.context.event.ApplicationEventsTestExecutionListener@78dc4696, org.springframework.boot.test.mock.mockito.MockitoTestExecutionListener@502f8b57, org.springframework.boot.test.autoconfigure.SpringBootDependencyInjectionTestExecutionListener@5652f555, org.springframework.test.context.support.DirtiesContextTestExecutionListener@4fe01805, org.springframework.test.context.transaction.TransactionalTestExecutionListener@55120f99, org.springframework.test.context.jdbc.SqlScriptsTestExecutionListener@794b435f, org.springframework.security.test.context.support.WithSecurityContextTestExecutionListener@38f2e97e, org.springframework.test.context.event.EventPublishingTestExecutionListener@779dfe55, org.springframework.security.test.context.support.ReactorContextTestExecutionListener@323659f8, org.springframework.boot.test.autoconfigure.restdocs.RestDocsTestExecutionListener@1144a55a, org.springframework.boot.test.autoconfigure.web.client.MockRestServiceServerResetTestExecutionListener@3e521715, org.springframework.boot.test.autoconfigure.web.servlet.MockMvcPrintOnlyOnFailureTestExecutionListener@26a529dc, org.springframework.boot.test.autoconfigure.web.servlet.WebDriverTestExecutionListener@265c5d69, org.springframework.boot.test.autoconfigure.webservices.client.MockWebServiceServerTestExecutionListener@1286528d, org.springframework.boot.test.mock.mockito.ResetMocksTestExecutionListener@3cc20577]
22:37:56.962 [Test worker] DEBUG org.springframework.test.context.support.AbstractDirtiesContextTestExecutionListener - Before test class: context [DefaultTestContext@63998bf4 testClass = CommentControllerTest, testInstance = [null], testMethod = [null], testException = [null], mergedContextConfiguration = [WebMergedContextConfiguration@7e0b9178 testClass = CommentControllerTest, locations = '{}', classes = '{class com.sundayCinema.sundayCinema.SundayCinemaApplication}', contextInitializerClasses = '[]', activeProfiles = '{}', propertySourceLocations = '{}', propertySourceProperties = '{org.springframework.boot.test.context.SpringBootTestContextBootstrapper=true}', contextCustomizers = set[org.springframework.boot.test.autoconfigure.actuate.metrics.MetricsExportContextCustomizerFactory$DisableMetricExportContextCustomizer@55787112, org.springframework.boot.test.autoconfigure.properties.PropertyMappingContextCustomizer@4b3fa0b3, org.springframework.boot.test.autoconfigure.web.servlet.WebDriverContextCustomizerFactory$Customizer@2e029d61, [ImportsContextCustomizer@61942c1 key = [org.springframework.boot.test.autoconfigure.web.servlet.MockMvcAutoConfiguration, org.springframework.boot.test.autoconfigure.web.servlet.MockMvcWebClientAutoConfiguration, org.springframework.boot.test.autoconfigure.web.servlet.MockMvcWebDriverAutoConfiguration, org.springframework.boot.autoconfigure.security.oauth2.client.servlet.OAuth2ClientAutoConfiguration, org.springframework.boot.autoconfigure.security.oauth2.resource.servlet.OAuth2ResourceServerAutoConfiguration, org.springframework.boot.autoconfigure.security.servlet.SecurityAutoConfiguration, org.springframework.boot.autoconfigure.security.servlet.SecurityFilterAutoConfiguration, org.springframework.boot.autoconfigure.security.servlet.UserDetailsServiceAutoConfiguration, org.springframework.boot.test.autoconfigure.web.servlet.MockMvcSecurityConfiguration, org.springframework.boot.test.autoconfigure.web.reactive.WebTestClientAutoConfiguration]], org.springframework.boot.test.context.filter.ExcludeFilterContextCustomizer@76c7beb3, org.springframework.boot.test.json.DuplicateJsonObjectContextCustomizerFactory$DuplicateJsonObjectContextCustomizer@4e76dac, org.springframework.boot.test.mock.mockito.MockitoContextCustomizer@7f72e8cd, org.springframework.boot.test.web.client.TestRestTemplateContextCustomizer@533b266e, org.springframework.boot.test.context.SpringBootTestArgs@1, org.springframework.boot.test.context.SpringBootTestWebEnvironment@3e6f3f28], resourceBasePath = 'src/main/webapp', contextLoader = 'org.springframework.boot.test.context.SpringBootContextLoader', parent = [null]], attributes = map['org.springframework.test.context.web.ServletTestExecutionListener.activateListener' -> true]], class annotated with @DirtiesContext [false] with mode [null].

  .   ____          _            __ _ _
 /\\ / ___'_ __ _ _(_)_ __  __ _ \ \ \ \
( ( )\___ | '_ | '_| | '_ \/ _` | \ \ \ \
 \\/  ___)| |_)| | | | | || (_| |  ) ) ) )
  '  |____| .__|_| |_|_| |_\__, | / / / /
 =========|_|==============|___/=/_/_/_/
 :: Spring Boot ::               (v2.7.15)

2024-02-05 22:37:57.453  INFO 1628 --- [    Test worker] c.s.s.comment.CommentControllerTest      : Starting CommentControllerTest using Java 17.0.9 on 박찬우 with PID 1628 (started by cksdn in C:\myProject\refectoring\main_project\server\sundayCinema)
2024-02-05 22:37:57.454  INFO 1628 --- [    Test worker] c.s.s.comment.CommentControllerTest      : No active profile set, falling back to 1 default profile: "default"
2024-02-05 22:37:58.455  INFO 1628 --- [    Test worker] .s.d.r.c.RepositoryConfigurationDelegate : Bootstrapping Spring Data JPA repositories in DEFAULT mode.
2024-02-05 22:37:58.604  INFO 1628 --- [    Test worker] .s.d.r.c.RepositoryConfigurationDelegate : Finished Spring Data repository scanning in 135 ms. Found 18 JPA repository interfaces.
2024-02-05 22:37:59.869  INFO 1628 --- [    Test worker] o.hibernate.jpa.internal.util.LogHelper  : HHH000204: Processing PersistenceUnitInfo [name: default]
2024-02-05 22:37:59.924  INFO 1628 --- [    Test worker] org.hibernate.Version                    : HHH000412: Hibernate ORM core version 5.6.15.Final
2024-02-05 22:37:59.962  INFO 1628 --- [    Test worker] o.hibernate.annotations.common.Version   : HCANN000001: Hibernate Commons Annotations {5.1.2.Final}
2024-02-05 22:38:00.101  INFO 1628 --- [    Test worker] com.zaxxer.hikari.HikariDataSource       : HikariPool-1 - Starting...
2024-02-05 22:38:00.495  INFO 1628 --- [    Test worker] com.zaxxer.hikari.HikariDataSource       : HikariPool-1 - Start completed.
2024-02-05 22:38:00.533  INFO 1628 --- [    Test worker] org.hibernate.dialect.Dialect            : HHH000400: Using dialect: org.hibernate.dialect.MySQL8Dialect
2024-02-05 22:38:03.080  INFO 1628 --- [    Test worker] o.h.e.t.j.p.i.JtaPlatformInitiator       : HHH000490: Using JtaPlatform implementation: [org.hibernate.engine.transaction.jta.platform.internal.NoJtaPlatform]
2024-02-05 22:38:03.093  INFO 1628 --- [    Test worker] j.LocalContainerEntityManagerFactoryBean : Initialized JPA EntityManagerFactory for persistence unit 'default'
2024-02-05 22:38:04.547  INFO 1628 --- [    Test worker] o.s.s.web.DefaultSecurityFilterChain     : Will secure any request with [org.springframework.security.web.session.DisableEncodeUrlFilter@21632bf8, org.springframework.security.web.context.request.async.WebAsyncManagerIntegrationFilter@408708a1, org.springframework.security.web.context.SecurityContextPersistenceFilter@9203db8, org.springframework.security.web.header.HeaderWriterFilter@1b5e6983, org.springframework.security.web.authentication.logout.LogoutFilter@6cb2d5ea, org.springframework.security.oauth2.client.web.OAuth2AuthorizationRequestRedirectFilter@28df2da8, org.springframework.security.oauth2.client.web.OAuth2LoginAuthenticationFilter@57e2d15c, com.sundayCinema.sundayCinema.logIn.jwt.filter.JwtVerificationFilter@3f7b15bb, com.sundayCinema.sundayCinema.logIn.jwt.config.SecurityConfiguration$CorsFilter@2dacad1d, com.sundayCinema.sundayCinema.logIn.jwt.filter.JwtAuthenticationFilter@15a87fbb, org.springframework.security.web.authentication.ui.DefaultLoginPageGeneratingFilter@152bb4cc, org.springframework.security.web.authentication.ui.DefaultLogoutPageGeneratingFilter@6d92bfaf, org.springframework.security.web.savedrequest.RequestCacheAwareFilter@7be9582e, org.springframework.security.web.servletapi.SecurityContextHolderAwareRequestFilter@4c25687b, org.springframework.security.web.authentication.AnonymousAuthenticationFilter@a23b96b, org.springframework.security.web.session.SessionManagementFilter@5bbf8daa, org.springframework.security.web.access.ExceptionTranslationFilter@77a35b2f, org.springframework.security.web.access.intercept.AuthorizationFilter@21bf1b1f]
2024-02-05 22:38:04.763  WARN 1628 --- [    Test worker] JpaBaseConfiguration$JpaWebConfiguration : spring.jpa.open-in-view is enabled by default. Therefore, database queries may be performed during view rendering. Explicitly configure spring.jpa.open-in-view to disable this warning
2024-02-05 22:38:05.623  INFO 1628 --- [    Test worker] o.s.b.t.m.w.SpringBootMockServletContext : Initializing Spring TestDispatcherServlet ''
2024-02-05 22:38:05.624  INFO 1628 --- [    Test worker] o.s.t.web.servlet.TestDispatcherServlet  : Initializing Servlet ''
2024-02-05 22:38:05.627  INFO 1628 --- [    Test worker] o.s.t.web.servlet.TestDispatcherServlet  : Completed initialization in 3 ms
2024-02-05 22:38:05.664  INFO 1628 --- [    Test worker] c.s.s.comment.CommentControllerTest      : Started CommentControllerTest in 8.66 seconds (JVM running for 10.026)
]]></system-out>
  <system-err><![CDATA[]]></system-err>
</testsuite>
